Traceback (most recent call last):
  File "/opt/anaconda3/envs/book/lib/python3.12/site-packages/jupyter_cache/executors/utils.py", line 58, in single_nb_execution
    executenb(
  File "/opt/anaconda3/envs/book/lib/python3.12/site-packages/nbclient/client.py", line 1314, in execute
    return NotebookClient(nb=nb, resources=resources, km=km, **kwargs).execute()
           ^^^^^^^^^^^^^^^^^^^^^^^^^^^^^^^^^^^^^^^^^^^^^^^^^^^^^^^^^^^^^^^^^^^^^
  File "/opt/anaconda3/envs/book/lib/python3.12/site-packages/jupyter_core/utils/__init__.py", line 165, in wrapped
    return loop.run_until_complete(inner)
           ^^^^^^^^^^^^^^^^^^^^^^^^^^^^^^
  File "/opt/anaconda3/envs/book/lib/python3.12/asyncio/base_events.py", line 687, in run_until_complete
    return future.result()
           ^^^^^^^^^^^^^^^
  File "/opt/anaconda3/envs/book/lib/python3.12/site-packages/nbclient/client.py", line 709, in async_execute
    await self.async_execute_cell(
  File "/opt/anaconda3/envs/book/lib/python3.12/site-packages/nbclient/client.py", line 1062, in async_execute_cell
    await self._check_raise_for_error(cell, cell_index, exec_reply)
  File "/opt/anaconda3/envs/book/lib/python3.12/site-packages/nbclient/client.py", line 918, in _check_raise_for_error
    raise CellExecutionError.from_cell_and_msg(cell, exec_reply_content)
nbclient.exceptions.CellExecutionError: An error occurred while executing the following cell:
------------------
def read_envision(
    datafile: str, 
    platemap: pd.DataFrame,
    blanklabel: str = False
) -> pd.DataFrame:
    # load data
    data = pd.read_csv(datafile)
    # massage Row, Column, and Well information
    data["Row"] = data["Well ID"].apply(lambda s: s[0])
    data["Column"] = data["Well ID"].apply(lambda s: str(int(s[1:])))
    data["Well"] = data.apply(lambda well: f"{well['Row']}:{well['Column']}", axis=1)
    # merge on Well
    data = data.merge(
        platemap.drop(["Row", "Column"], axis=1), 
        left_on="Well", right_on="Well", how="inner"
    )
    
    data["Data"] = data["Result Channel 1"]
    data["Ex"] = data["Exc WL[nm]"]
    data["Em"] = data["Ems WL Channel 1[nm]"]
    data["Wavelength"] = data["Ex"] + "," + data["Em"]

    data['Time'] = pd.to_timedelta(data['Time [hhh:mm:ss.sss]']).astype('timedelta64[s]')
    data['Seconds'] = data['Time'].map(lambda x: x.total_seconds())

    # apply blanking, if blanklabel given
    if blanklabel:
        num_conditions = len(set(data["Well"]))
        
        # make a new DataFrame with just the blanks; use "Repeat" as time variable
        background_column = data[data["Well"] == blanklabel]
        background_data = background_column["Data"]
        background_repeat = background_column["Repeat"]
        background = pd.DataFrame({
            "Background": background_data,
            "Repeat": background_repeat
        })
        
        # merge blanks dataframe with data; subtract
        data = pd.merge(data, background, on="Repeat")
        data["BackgroundSubtracted"] = data["Data"] - data["Background"]
        
    return data

data = read_envision(
    datafile="M_20240916-204829 b.next Envision FLUOR deGFP Timecourse.csv",
    platemap=platemap,
    blanklabel=blanklabel
)
data.head()
------------------


[0;31m---------------------------------------------------------------------------[0m
[0;31mFileNotFoundError[0m                         Traceback (most recent call last)
Cell [0;32mIn[3], line 45[0m
[1;32m     41[0m         data[[38;5;124m"[39m[38;5;124mBackgroundSubtracted[39m[38;5;124m"[39m] [38;5;241m=[39m data[[38;5;124m"[39m[38;5;124mData[39m[38;5;124m"[39m] [38;5;241m-[39m data[[38;5;124m"[39m[38;5;124mBackground[39m[38;5;124m"[39m]
[1;32m     43[0m     [38;5;28;01mreturn[39;00m data
[0;32m---> 45[0m data [38;5;241m=[39m [43mread_envision[49m[43m([49m
[1;32m     46[0m [43m    [49m[43mdatafile[49m[38;5;241;43m=[39;49m[38;5;124;43m"[39;49m[38;5;124;43mM_20240916-204829 b.next Envision FLUOR deGFP Timecourse.csv[39;49m[38;5;124;43m"[39;49m[43m,[49m
[1;32m     47[0m [43m    [49m[43mplatemap[49m[38;5;241;43m=[39;49m[43mplatemap[49m[43m,[49m
[1;32m     48[0m [43m    [49m[43mblanklabel[49m[38;5;241;43m=[39;49m[43mblanklabel[49m
[1;32m     49[0m [43m)[49m
[1;32m     50[0m data[38;5;241m.[39mhead()

Cell [0;32mIn[3], line 7[0m, in [0;36mread_envision[0;34m(datafile, platemap, blanklabel)[0m
[1;32m      1[0m [38;5;28;01mdef[39;00m [38;5;21mread_envision[39m(
[1;32m      2[0m     datafile: [38;5;28mstr[39m, 
[1;32m      3[0m     platemap: pd[38;5;241m.[39mDataFrame,
[1;32m      4[0m     blanklabel: [38;5;28mstr[39m [38;5;241m=[39m [38;5;28;01mFalse[39;00m
[1;32m      5[0m ) [38;5;241m-[39m[38;5;241m>[39m pd[38;5;241m.[39mDataFrame:
[1;32m      6[0m     [38;5;66;03m# load data[39;00m
[0;32m----> 7[0m     data [38;5;241m=[39m [43mpd[49m[38;5;241;43m.[39;49m[43mread_csv[49m[43m([49m[43mdatafile[49m[43m)[49m
[1;32m      8[0m     [38;5;66;03m# massage Row, Column, and Well information[39;00m
[1;32m      9[0m     data[[38;5;124m"[39m[38;5;124mRow[39m[38;5;124m"[39m] [38;5;241m=[39m data[[38;5;124m"[39m[38;5;124mWell ID[39m[38;5;124m"[39m][38;5;241m.[39mapply([38;5;28;01mlambda[39;00m s: s[[38;5;241m0[39m])

File [0;32m/opt/anaconda3/envs/book/lib/python3.12/site-packages/pandas/io/parsers/readers.py:1026[0m, in [0;36mread_csv[0;34m(filepath_or_buffer, sep, delimiter, header, names, index_col, usecols, dtype, engine, converters, true_values, false_values, skipinitialspace, skiprows, skipfooter, nrows, na_values, keep_default_na, na_filter, verbose, skip_blank_lines, parse_dates, infer_datetime_format, keep_date_col, date_parser, date_format, dayfirst, cache_dates, iterator, chunksize, compression, thousands, decimal, lineterminator, quotechar, quoting, doublequote, escapechar, comment, encoding, encoding_errors, dialect, on_bad_lines, delim_whitespace, low_memory, memory_map, float_precision, storage_options, dtype_backend)[0m
[1;32m   1013[0m kwds_defaults [38;5;241m=[39m _refine_defaults_read(
[1;32m   1014[0m     dialect,
[1;32m   1015[0m     delimiter,
[0;32m   (...)[0m
[1;32m   1022[0m     dtype_backend[38;5;241m=[39mdtype_backend,
[1;32m   1023[0m )
[1;32m   1024[0m kwds[38;5;241m.[39mupdate(kwds_defaults)
[0;32m-> 1026[0m [38;5;28;01mreturn[39;00m [43m_read[49m[43m([49m[43mfilepath_or_buffer[49m[43m,[49m[43m [49m[43mkwds[49m[43m)[49m

File [0;32m/opt/anaconda3/envs/book/lib/python3.12/site-packages/pandas/io/parsers/readers.py:620[0m, in [0;36m_read[0;34m(filepath_or_buffer, kwds)[0m
[1;32m    617[0m _validate_names(kwds[38;5;241m.[39mget([38;5;124m"[39m[38;5;124mnames[39m[38;5;124m"[39m, [38;5;28;01mNone[39;00m))
[1;32m    619[0m [38;5;66;03m# Create the parser.[39;00m
[0;32m--> 620[0m parser [38;5;241m=[39m [43mTextFileReader[49m[43m([49m[43mfilepath_or_buffer[49m[43m,[49m[43m [49m[38;5;241;43m*[39;49m[38;5;241;43m*[39;49m[43mkwds[49m[43m)[49m
[1;32m    622[0m [38;5;28;01mif[39;00m chunksize [38;5;129;01mor[39;00m iterator:
[1;32m    623[0m     [38;5;28;01mreturn[39;00m parser

File [0;32m/opt/anaconda3/envs/book/lib/python3.12/site-packages/pandas/io/parsers/readers.py:1620[0m, in [0;36mTextFileReader.__init__[0;34m(self, f, engine, **kwds)[0m
[1;32m   1617[0m     [38;5;28mself[39m[38;5;241m.[39moptions[[38;5;124m"[39m[38;5;124mhas_index_names[39m[38;5;124m"[39m] [38;5;241m=[39m kwds[[38;5;124m"[39m[38;5;124mhas_index_names[39m[38;5;124m"[39m]
[1;32m   1619[0m [38;5;28mself[39m[38;5;241m.[39mhandles: IOHandles [38;5;241m|[39m [38;5;28;01mNone[39;00m [38;5;241m=[39m [38;5;28;01mNone[39;00m
[0;32m-> 1620[0m [38;5;28mself[39m[38;5;241m.[39m_engine [38;5;241m=[39m [38;5;28;43mself[39;49m[38;5;241;43m.[39;49m[43m_make_engine[49m[43m([49m[43mf[49m[43m,[49m[43m [49m[38;5;28;43mself[39;49m[38;5;241;43m.[39;49m[43mengine[49m[43m)[49m

File [0;32m/opt/anaconda3/envs/book/lib/python3.12/site-packages/pandas/io/parsers/readers.py:1880[0m, in [0;36mTextFileReader._make_engine[0;34m(self, f, engine)[0m
[1;32m   1878[0m     [38;5;28;01mif[39;00m [38;5;124m"[39m[38;5;124mb[39m[38;5;124m"[39m [38;5;129;01mnot[39;00m [38;5;129;01min[39;00m mode:
[1;32m   1879[0m         mode [38;5;241m+[39m[38;5;241m=[39m [38;5;124m"[39m[38;5;124mb[39m[38;5;124m"[39m
[0;32m-> 1880[0m [38;5;28mself[39m[38;5;241m.[39mhandles [38;5;241m=[39m [43mget_handle[49m[43m([49m
[1;32m   1881[0m [43m    [49m[43mf[49m[43m,[49m
[1;32m   1882[0m [43m    [49m[43mmode[49m[43m,[49m
[1;32m   1883[0m [43m    [49m[43mencoding[49m[38;5;241;43m=[39;49m[38;5;28;43mself[39;49m[38;5;241;43m.[39;49m[43moptions[49m[38;5;241;43m.[39;49m[43mget[49m[43m([49m[38;5;124;43m"[39;49m[38;5;124;43mencoding[39;49m[38;5;124;43m"[39;49m[43m,[49m[43m [49m[38;5;28;43;01mNone[39;49;00m[43m)[49m[43m,[49m
[1;32m   1884[0m [43m    [49m[43mcompression[49m[38;5;241;43m=[39;49m[38;5;28;43mself[39;49m[38;5;241;43m.[39;49m[43moptions[49m[38;5;241;43m.[39;49m[43mget[49m[43m([49m[38;5;124;43m"[39;49m[38;5;124;43mcompression[39;49m[38;5;124;43m"[39;49m[43m,[49m[43m [49m[38;5;28;43;01mNone[39;49;00m[43m)[49m[43m,[49m
[1;32m   1885[0m [43m    [49m[43mmemory_map[49m[38;5;241;43m=[39;49m[38;5;28;43mself[39;49m[38;5;241;43m.[39;49m[43moptions[49m[38;5;241;43m.[39;49m[43mget[49m[43m([49m[38;5;124;43m"[39;49m[38;5;124;43mmemory_map[39;49m[38;5;124;43m"[39;49m[43m,[49m[43m [49m[38;5;28;43;01mFalse[39;49;00m[43m)[49m[43m,[49m
[1;32m   1886[0m [43m    [49m[43mis_text[49m[38;5;241;43m=[39;49m[43mis_text[49m[43m,[49m
[1;32m   1887[0m [43m    [49m[43merrors[49m[38;5;241;43m=[39;49m[38;5;28;43mself[39;49m[38;5;241;43m.[39;49m[43moptions[49m[38;5;241;43m.[39;49m[43mget[49m[43m([49m[38;5;124;43m"[39;49m[38;5;124;43mencoding_errors[39;49m[38;5;124;43m"[39;49m[43m,[49m[43m [49m[38;5;124;43m"[39;49m[38;5;124;43mstrict[39;49m[38;5;124;43m"[39;49m[43m)[49m[43m,[49m
[1;32m   1888[0m [43m    [49m[43mstorage_options[49m[38;5;241;43m=[39;49m[38;5;28;43mself[39;49m[38;5;241;43m.[39;49m[43moptions[49m[38;5;241;43m.[39;49m[43mget[49m[43m([49m[38;5;124;43m"[39;49m[38;5;124;43mstorage_options[39;49m[38;5;124;43m"[39;49m[43m,[49m[43m [49m[38;5;28;43;01mNone[39;49;00m[43m)[49m[43m,[49m
[1;32m   1889[0m [43m[49m[43m)[49m
[1;32m   1890[0m [38;5;28;01massert[39;00m [38;5;28mself[39m[38;5;241m.[39mhandles [38;5;129;01mis[39;00m [38;5;129;01mnot[39;00m [38;5;28;01mNone[39;00m
[1;32m   1891[0m f [38;5;241m=[39m [38;5;28mself[39m[38;5;241m.[39mhandles[38;5;241m.[39mhandle

File [0;32m/opt/anaconda3/envs/book/lib/python3.12/site-packages/pandas/io/common.py:873[0m, in [0;36mget_handle[0;34m(path_or_buf, mode, encoding, compression, memory_map, is_text, errors, storage_options)[0m
[1;32m    868[0m [38;5;28;01melif[39;00m [38;5;28misinstance[39m(handle, [38;5;28mstr[39m):
[1;32m    869[0m     [38;5;66;03m# Check whether the filename is to be opened in binary mode.[39;00m
[1;32m    870[0m     [38;5;66;03m# Binary mode does not support 'encoding' and 'newline'.[39;00m
[1;32m    871[0m     [38;5;28;01mif[39;00m ioargs[38;5;241m.[39mencoding [38;5;129;01mand[39;00m [38;5;124m"[39m[38;5;124mb[39m[38;5;124m"[39m [38;5;129;01mnot[39;00m [38;5;129;01min[39;00m ioargs[38;5;241m.[39mmode:
[1;32m    872[0m         [38;5;66;03m# Encoding[39;00m
[0;32m--> 873[0m         handle [38;5;241m=[39m [38;5;28;43mopen[39;49m[43m([49m
[1;32m    874[0m [43m            [49m[43mhandle[49m[43m,[49m
[1;32m    875[0m [43m            [49m[43mioargs[49m[38;5;241;43m.[39;49m[43mmode[49m[43m,[49m
[1;32m    876[0m [43m            [49m[43mencoding[49m[38;5;241;43m=[39;49m[43mioargs[49m[38;5;241;43m.[39;49m[43mencoding[49m[43m,[49m
[1;32m    877[0m [43m            [49m[43merrors[49m[38;5;241;43m=[39;49m[43merrors[49m[43m,[49m
[1;32m    878[0m [43m            [49m[43mnewline[49m[38;5;241;43m=[39;49m[38;5;124;43m"[39;49m[38;5;124;43m"[39;49m[43m,[49m
[1;32m    879[0m [43m        [49m[43m)[49m
[1;32m    880[0m     [38;5;28;01melse[39;00m:
[1;32m    881[0m         [38;5;66;03m# Binary mode[39;00m
[1;32m    882[0m         handle [38;5;241m=[39m [38;5;28mopen[39m(handle, ioargs[38;5;241m.[39mmode)

[0;31mFileNotFoundError[0m: [Errno 2] No such file or directory: 'M_20240916-204829 b.next Envision FLUOR deGFP Timecourse.csv'

